<?xml version="1.0" encoding="UTF-8"?>
<!-- Generated by org.testng.reporters.JUnitReportReporter -->
<testsuite skipped="0" hostname="DESKTOP-6FSBO33" name="com.qa.linkedin.testcases.SearchDDTTest" tests="4" failures="0" timestamp="30 May 2019 19:24:18 GMT" time="31.715" errors="0">
  <testcase name="searchTest" time="5.187" classname="com.qa.linkedin.testcases.SearchDDTTest"/>
  <testcase name="searchTest" time="9.065" classname="com.qa.linkedin.testcases.SearchDDTTest"/>
  <testcase name="searchTest" time="8.545" classname="com.qa.linkedin.testcases.SearchDDTTest"/>
  <testcase name="searchTest" time="8.918" classname="com.qa.linkedin.testcases.SearchDDTTest"/>
</testsuite> <!-- com.qa.linkedin.testcases.SearchDDTTest -->
